<?xml version="1.0" encoding="UTF-8"?>
<testsuite xmlns:xsi="http://www.w3.org/2001/XMLSchema-instance" xsi:noNamespaceSchemaLocation="https://maven.apache.org/surefire/maven-surefire-plugin/xsd/surefire-test-report.xsd" name="FizzBuzzTest" time="0.016" tests="1" errors="0" skipped="0" failures="1">
  <properties>
    <property name="gopherProxySet" value="false"/>
    <property name="awt.toolkit" value="sun.lwawt.macosx.LWCToolkit"/>
    <property name="java.specification.version" value="11"/>
    <property name="sun.cpu.isalist" value=""/>
    <property name="sun.jnu.encoding" value="UTF-8"/>
    <property name="java.class.path" value="/Users/francisco.v/IdeaProjects/tdd-fizz-buzz/target/test-classes:/Users/francisco.v/IdeaProjects/tdd-fizz-buzz/target/classes:/Users/francisco.v/.m2/repository/org/glassfish/jaxb/jaxb-runtime/2.3.1/jaxb-runtime-2.3.1.jar:/Users/francisco.v/.m2/repository/javax/xml/bind/jaxb-api/2.3.1/jaxb-api-2.3.1.jar:/Users/francisco.v/.m2/repository/org/glassfish/jaxb/txw2/2.3.1/txw2-2.3.1.jar:/Users/francisco.v/.m2/repository/com/sun/istack/istack-commons-runtime/3.0.7/istack-commons-runtime-3.0.7.jar:/Users/francisco.v/.m2/repository/org/jvnet/staxex/stax-ex/1.8/stax-ex-1.8.jar:/Users/francisco.v/.m2/repository/com/sun/xml/fastinfoset/FastInfoset/1.2.15/FastInfoset-1.2.15.jar:/Users/francisco.v/.m2/repository/javax/activation/javax.activation-api/1.2.0/javax.activation-api-1.2.0.jar:/Users/francisco.v/.m2/repository/org/glassfish/corba/glassfish-corba-orb/4.2.0-b004/glassfish-corba-orb-4.2.0-b004.jar:/Users/francisco.v/.m2/repository/org/glassfish/corba/glassfish-corba-csiv2-idl/4.2.0-b004/glassfish-corba-csiv2-idl-4.2.0-b004.jar:/Users/francisco.v/.m2/repository/org/glassfish/corba/glassfish-corba-omgapi/4.2.0-b004/glassfish-corba-omgapi-4.2.0-b004.jar:/Users/francisco.v/.m2/repository/org/glassfish/corba/glassfish-corba-internal-api/4.2.0-b004/glassfish-corba-internal-api-4.2.0-b004.jar:/Users/francisco.v/.m2/repository/org/glassfish/corba/exception-annotation-processor/4.2.0-b004/exception-annotation-processor-4.2.0-b004.jar:/Users/francisco.v/.m2/repository/org/osgi/org.osgi.core/6.0.0/org.osgi.core-6.0.0.jar:/Users/francisco.v/.m2/repository/org/glassfish/gmbal/gmbal/4.0.0-b002/gmbal-4.0.0-b002.jar:/Users/francisco.v/.m2/repository/org/glassfish/external/management-api/3.2.1-b003/management-api-3.2.1-b003.jar:/Users/francisco.v/.m2/repository/org/glassfish/pfl/pfl-basic-tools/4.0.1-b003/pfl-basic-tools-4.0.1-b003.jar:/Users/francisco.v/.m2/repository/org/glassfish/pfl/pfl-tf-tools/4.0.1-b003/pfl-tf-tools-4.0.1-b003.jar:/Users/francisco.v/.m2/repository/org/glassfish/pfl/pfl-basic/4.0.1-b003/pfl-basic-4.0.1-b003.jar:/Users/francisco.v/.m2/repository/org/glassfish/pfl/pfl-dynamic/4.0.1-b003/pfl-dynamic-4.0.1-b003.jar:/Users/francisco.v/.m2/repository/org/glassfish/pfl/pfl-asm/4.0.1-b003/pfl-asm-4.0.1-b003.jar:/Users/francisco.v/.m2/repository/org/glassfish/pfl/pfl-tf/4.0.1-b003/pfl-tf-4.0.1-b003.jar:/Users/francisco.v/.m2/repository/org/glassfish/grizzly/grizzly-framework/2.4.3/grizzly-framework-2.4.3.jar:/Users/francisco.v/.m2/repository/javax/transaction/javax.transaction-api/1.3/javax.transaction-api-1.3.jar:/Users/francisco.v/.m2/repository/javax/annotation/javax.annotation-api/1.3.2/javax.annotation-api-1.3.2.jar:/Users/francisco.v/.m2/repository/com/sun/xml/ws/jaxws-rt/2.3.1/jaxws-rt-2.3.1.jar:/Users/francisco.v/.m2/repository/com/sun/xml/ws/policy/2.7.5/policy-2.7.5.jar:/Users/francisco.v/.m2/repository/com/sun/activation/javax.activation/1.2.0/javax.activation-1.2.0.jar:/Users/francisco.v/.m2/repository/org/glassfish/gmbal/gmbal-api-only/3.1.0-b001/gmbal-api-only-3.1.0-b001.jar:/Users/francisco.v/.m2/repository/com/sun/xml/stream/buffer/streambuffer/1.5.6/streambuffer-1.5.6.jar:/Users/francisco.v/.m2/repository/org/jvnet/mimepull/mimepull/1.9.10/mimepull-1.9.10.jar:/Users/francisco.v/.m2/repository/org/glassfish/ha/ha-api/3.1.9/ha-api-3.1.9.jar:/Users/francisco.v/.m2/repository/com/sun/xml/messaging/saaj/saaj-impl/1.5.0/saaj-impl-1.5.0.jar:/Users/francisco.v/.m2/repository/com/fasterxml/woodstox/woodstox-core/5.1.0/woodstox-core-5.1.0.jar:/Users/francisco.v/.m2/repository/org/codehaus/woodstox/stax2-api/4.1/stax2-api-4.1.jar:/Users/francisco.v/.m2/repository/com/sun/xml/ws/jaxws-tools/2.3.1/jaxws-tools-2.3.1.jar:/Users/francisco.v/.m2/repository/com/sun/xml/bind/jaxb-xjc/2.3.1/jaxb-xjc-2.3.1.jar:/Users/francisco.v/.m2/repository/com/sun/xml/bind/jaxb-jxc/2.3.1/jaxb-jxc-2.3.1.jar:/Users/francisco.v/.m2/repository/com/sun/xml/ws/jaxws-eclipselink-plugin/2.3.1/jaxws-eclipselink-plugin-2.3.1.jar:/Users/francisco.v/.m2/repository/javax/mail/mail/1.4.7/mail-1.4.7.jar:/Users/francisco.v/.m2/repository/javax/persistence/javax.persistence-api/2.2/javax.persistence-api-2.2.jar:/Users/francisco.v/.m2/repository/org/eclipse/persistence/org.eclipse.persistence.moxy/2.7.2/org.eclipse.persistence.moxy-2.7.2.jar:/Users/francisco.v/.m2/repository/org/eclipse/persistence/org.eclipse.persistence.core/2.7.2/org.eclipse.persistence.core-2.7.2.jar:/Users/francisco.v/.m2/repository/org/eclipse/persistence/org.eclipse.persistence.asm/2.7.2/org.eclipse.persistence.asm-2.7.2.jar:/Users/francisco.v/.m2/repository/javax/validation/validation-api/1.1.0.Final/validation-api-1.1.0.Final.jar:/Users/francisco.v/.m2/repository/org/glassfish/javax.json/1.0.4/javax.json-1.0.4.jar:/Users/francisco.v/.m2/repository/javax/xml/ws/jaxws-api/2.3.1/jaxws-api-2.3.1.jar:/Users/francisco.v/.m2/repository/javax/xml/soap/javax.xml.soap-api/1.4.0/javax.xml.soap-api-1.4.0.jar:/Users/francisco.v/.m2/repository/javax/jws/javax.jws-api/1.1/javax.jws-api-1.1.jar:/Users/francisco.v/.m2/repository/org/junit/jupiter/junit-jupiter-api/5.3.1/junit-jupiter-api-5.3.1.jar:/Users/francisco.v/.m2/repository/org/apiguardian/apiguardian-api/1.0.0/apiguardian-api-1.0.0.jar:/Users/francisco.v/.m2/repository/org/opentest4j/opentest4j/1.1.1/opentest4j-1.1.1.jar:/Users/francisco.v/.m2/repository/org/junit/platform/junit-platform-commons/1.3.1/junit-platform-commons-1.3.1.jar:/Users/francisco.v/.m2/repository/org/junit/jupiter/junit-jupiter-params/5.3.1/junit-jupiter-params-5.3.1.jar:/Users/francisco.v/.m2/repository/org/junit/jupiter/junit-jupiter-engine/5.3.1/junit-jupiter-engine-5.3.1.jar:/Users/francisco.v/.m2/repository/org/junit/platform/junit-platform-engine/1.3.1/junit-platform-engine-1.3.1.jar:"/>
    <property name="java.vm.vendor" value="AdoptOpenJDK"/>
    <property name="sun.arch.data.model" value="64"/>
    <property name="java.vendor.url" value="https://adoptopenjdk.net/"/>
    <property name="user.timezone" value=""/>
    <property name="java.vm.specification.version" value="11"/>
    <property name="os.name" value="Mac OS X"/>
    <property name="sun.java.launcher" value="SUN_STANDARD"/>
    <property name="user.country" value="US"/>
    <property name="sun.boot.library.path" value="/Library/Java/JavaVirtualMachines/adoptopenjdk-11.jdk/Contents/Home/lib"/>
    <property name="sun.java.command" value="/Users/francisco.v/IdeaProjects/tdd-fizz-buzz/target/surefire/surefirebooter15208875251964551039.jar /Users/francisco.v/IdeaProjects/tdd-fizz-buzz/target/surefire 2021-12-01T13-29-54_175-jvmRun1 surefire17541416682506067416tmp surefire_02589942391648280711tmp"/>
    <property name="http.nonProxyHosts" value="local|*.local|169.254/16|*.169.254/16"/>
    <property name="jdk.debug" value="release"/>
    <property name="surefire.test.class.path" value="/Users/francisco.v/IdeaProjects/tdd-fizz-buzz/target/test-classes:/Users/francisco.v/IdeaProjects/tdd-fizz-buzz/target/classes:/Users/francisco.v/.m2/repository/org/glassfish/jaxb/jaxb-runtime/2.3.1/jaxb-runtime-2.3.1.jar:/Users/francisco.v/.m2/repository/javax/xml/bind/jaxb-api/2.3.1/jaxb-api-2.3.1.jar:/Users/francisco.v/.m2/repository/org/glassfish/jaxb/txw2/2.3.1/txw2-2.3.1.jar:/Users/francisco.v/.m2/repository/com/sun/istack/istack-commons-runtime/3.0.7/istack-commons-runtime-3.0.7.jar:/Users/francisco.v/.m2/repository/org/jvnet/staxex/stax-ex/1.8/stax-ex-1.8.jar:/Users/francisco.v/.m2/repository/com/sun/xml/fastinfoset/FastInfoset/1.2.15/FastInfoset-1.2.15.jar:/Users/francisco.v/.m2/repository/javax/activation/javax.activation-api/1.2.0/javax.activation-api-1.2.0.jar:/Users/francisco.v/.m2/repository/org/glassfish/corba/glassfish-corba-orb/4.2.0-b004/glassfish-corba-orb-4.2.0-b004.jar:/Users/francisco.v/.m2/repository/org/glassfish/corba/glassfish-corba-csiv2-idl/4.2.0-b004/glassfish-corba-csiv2-idl-4.2.0-b004.jar:/Users/francisco.v/.m2/repository/org/glassfish/corba/glassfish-corba-omgapi/4.2.0-b004/glassfish-corba-omgapi-4.2.0-b004.jar:/Users/francisco.v/.m2/repository/org/glassfish/corba/glassfish-corba-internal-api/4.2.0-b004/glassfish-corba-internal-api-4.2.0-b004.jar:/Users/francisco.v/.m2/repository/org/glassfish/corba/exception-annotation-processor/4.2.0-b004/exception-annotation-processor-4.2.0-b004.jar:/Users/francisco.v/.m2/repository/org/osgi/org.osgi.core/6.0.0/org.osgi.core-6.0.0.jar:/Users/francisco.v/.m2/repository/org/glassfish/gmbal/gmbal/4.0.0-b002/gmbal-4.0.0-b002.jar:/Users/francisco.v/.m2/repository/org/glassfish/external/management-api/3.2.1-b003/management-api-3.2.1-b003.jar:/Users/francisco.v/.m2/repository/org/glassfish/pfl/pfl-basic-tools/4.0.1-b003/pfl-basic-tools-4.0.1-b003.jar:/Users/francisco.v/.m2/repository/org/glassfish/pfl/pfl-tf-tools/4.0.1-b003/pfl-tf-tools-4.0.1-b003.jar:/Users/francisco.v/.m2/repository/org/glassfish/pfl/pfl-basic/4.0.1-b003/pfl-basic-4.0.1-b003.jar:/Users/francisco.v/.m2/repository/org/glassfish/pfl/pfl-dynamic/4.0.1-b003/pfl-dynamic-4.0.1-b003.jar:/Users/francisco.v/.m2/repository/org/glassfish/pfl/pfl-asm/4.0.1-b003/pfl-asm-4.0.1-b003.jar:/Users/francisco.v/.m2/repository/org/glassfish/pfl/pfl-tf/4.0.1-b003/pfl-tf-4.0.1-b003.jar:/Users/francisco.v/.m2/repository/org/glassfish/grizzly/grizzly-framework/2.4.3/grizzly-framework-2.4.3.jar:/Users/francisco.v/.m2/repository/javax/transaction/javax.transaction-api/1.3/javax.transaction-api-1.3.jar:/Users/francisco.v/.m2/repository/javax/annotation/javax.annotation-api/1.3.2/javax.annotation-api-1.3.2.jar:/Users/francisco.v/.m2/repository/com/sun/xml/ws/jaxws-rt/2.3.1/jaxws-rt-2.3.1.jar:/Users/francisco.v/.m2/repository/com/sun/xml/ws/policy/2.7.5/policy-2.7.5.jar:/Users/francisco.v/.m2/repository/com/sun/activation/javax.activation/1.2.0/javax.activation-1.2.0.jar:/Users/francisco.v/.m2/repository/org/glassfish/gmbal/gmbal-api-only/3.1.0-b001/gmbal-api-only-3.1.0-b001.jar:/Users/francisco.v/.m2/repository/com/sun/xml/stream/buffer/streambuffer/1.5.6/streambuffer-1.5.6.jar:/Users/francisco.v/.m2/repository/org/jvnet/mimepull/mimepull/1.9.10/mimepull-1.9.10.jar:/Users/francisco.v/.m2/repository/org/glassfish/ha/ha-api/3.1.9/ha-api-3.1.9.jar:/Users/francisco.v/.m2/repository/com/sun/xml/messaging/saaj/saaj-impl/1.5.0/saaj-impl-1.5.0.jar:/Users/francisco.v/.m2/repository/com/fasterxml/woodstox/woodstox-core/5.1.0/woodstox-core-5.1.0.jar:/Users/francisco.v/.m2/repository/org/codehaus/woodstox/stax2-api/4.1/stax2-api-4.1.jar:/Users/francisco.v/.m2/repository/com/sun/xml/ws/jaxws-tools/2.3.1/jaxws-tools-2.3.1.jar:/Users/francisco.v/.m2/repository/com/sun/xml/bind/jaxb-xjc/2.3.1/jaxb-xjc-2.3.1.jar:/Users/francisco.v/.m2/repository/com/sun/xml/bind/jaxb-jxc/2.3.1/jaxb-jxc-2.3.1.jar:/Users/francisco.v/.m2/repository/com/sun/xml/ws/jaxws-eclipselink-plugin/2.3.1/jaxws-eclipselink-plugin-2.3.1.jar:/Users/francisco.v/.m2/repository/javax/mail/mail/1.4.7/mail-1.4.7.jar:/Users/francisco.v/.m2/repository/javax/persistence/javax.persistence-api/2.2/javax.persistence-api-2.2.jar:/Users/francisco.v/.m2/repository/org/eclipse/persistence/org.eclipse.persistence.moxy/2.7.2/org.eclipse.persistence.moxy-2.7.2.jar:/Users/francisco.v/.m2/repository/org/eclipse/persistence/org.eclipse.persistence.core/2.7.2/org.eclipse.persistence.core-2.7.2.jar:/Users/francisco.v/.m2/repository/org/eclipse/persistence/org.eclipse.persistence.asm/2.7.2/org.eclipse.persistence.asm-2.7.2.jar:/Users/francisco.v/.m2/repository/javax/validation/validation-api/1.1.0.Final/validation-api-1.1.0.Final.jar:/Users/francisco.v/.m2/repository/org/glassfish/javax.json/1.0.4/javax.json-1.0.4.jar:/Users/francisco.v/.m2/repository/javax/xml/ws/jaxws-api/2.3.1/jaxws-api-2.3.1.jar:/Users/francisco.v/.m2/repository/javax/xml/soap/javax.xml.soap-api/1.4.0/javax.xml.soap-api-1.4.0.jar:/Users/francisco.v/.m2/repository/javax/jws/javax.jws-api/1.1/javax.jws-api-1.1.jar:/Users/francisco.v/.m2/repository/org/junit/jupiter/junit-jupiter-api/5.3.1/junit-jupiter-api-5.3.1.jar:/Users/francisco.v/.m2/repository/org/apiguardian/apiguardian-api/1.0.0/apiguardian-api-1.0.0.jar:/Users/francisco.v/.m2/repository/org/opentest4j/opentest4j/1.1.1/opentest4j-1.1.1.jar:/Users/francisco.v/.m2/repository/org/junit/platform/junit-platform-commons/1.3.1/junit-platform-commons-1.3.1.jar:/Users/francisco.v/.m2/repository/org/junit/jupiter/junit-jupiter-params/5.3.1/junit-jupiter-params-5.3.1.jar:/Users/francisco.v/.m2/repository/org/junit/jupiter/junit-jupiter-engine/5.3.1/junit-jupiter-engine-5.3.1.jar:/Users/francisco.v/.m2/repository/org/junit/platform/junit-platform-engine/1.3.1/junit-platform-engine-1.3.1.jar:"/>
    <property name="sun.cpu.endian" value="little"/>
    <property name="user.home" value="/Users/francisco.v"/>
    <property name="user.language" value="en"/>
    <property name="java.specification.vendor" value="Oracle Corporation"/>
    <property name="java.version.date" value="2021-01-19"/>
    <property name="java.home" value="/Library/Java/JavaVirtualMachines/adoptopenjdk-11.jdk/Contents/Home"/>
    <property name="file.separator" value="/"/>
    <property name="basedir" value="/Users/francisco.v/IdeaProjects/tdd-fizz-buzz"/>
    <property name="java.vm.compressedOopsMode" value="Zero based"/>
    <property name="line.separator" value="&#10;"/>
    <property name="java.specification.name" value="Java Platform API Specification"/>
    <property name="java.vm.specification.vendor" value="Oracle Corporation"/>
    <property name="java.awt.graphicsenv" value="sun.awt.CGraphicsEnvironment"/>
    <property name="surefire.real.class.path" value="/Users/francisco.v/IdeaProjects/tdd-fizz-buzz/target/surefire/surefirebooter15208875251964551039.jar"/>
    <property name="sun.management.compiler" value="HotSpot 64-Bit Tiered Compilers"/>
    <property name="ftp.nonProxyHosts" value="local|*.local|169.254/16|*.169.254/16"/>
    <property name="java.runtime.version" value="11.0.10+9"/>
    <property name="user.name" value="francisco.v"/>
    <property name="path.separator" value=":"/>
    <property name="os.version" value="10.15.7"/>
    <property name="java.runtime.name" value="OpenJDK Runtime Environment"/>
    <property name="file.encoding" value="UTF-8"/>
    <property name="java.vm.name" value="OpenJDK 64-Bit Server VM"/>
    <property name="java.vendor.version" value="AdoptOpenJDK"/>
    <property name="localRepository" value="/Users/francisco.v/.m2/repository"/>
    <property name="java.vendor.url.bug" value="https://github.com/AdoptOpenJDK/openjdk-support/issues"/>
    <property name="java.io.tmpdir" value="/var/folders/71/rppjs70s7zj51g2xhtf84_yw0000gn/T/"/>
    <property name="idea.version" value="2021.1.2"/>
    <property name="java.version" value="11.0.10"/>
    <property name="user.dir" value="/Users/francisco.v/IdeaProjects/tdd-fizz-buzz"/>
    <property name="os.arch" value="x86_64"/>
    <property name="java.vm.specification.name" value="Java Virtual Machine Specification"/>
    <property name="java.awt.printerjob" value="sun.lwawt.macosx.CPrinterJob"/>
    <property name="sun.os.patch.level" value="unknown"/>
    <property name="java.library.path" value="/Users/francisco.v/Library/Java/Extensions:/Library/Java/Extensions:/Network/Library/Java/Extensions:/System/Library/Java/Extensions:/usr/lib/java:."/>
    <property name="java.vm.info" value="mixed mode"/>
    <property name="java.vendor" value="AdoptOpenJDK"/>
    <property name="java.vm.version" value="11.0.10+9"/>
    <property name="sun.io.unicode.encoding" value="UnicodeBig"/>
    <property name="java.class.version" value="55.0"/>
    <property name="socksNonProxyHosts" value="local|*.local|169.254/16|*.169.254/16"/>
  </properties>
  <testcase name="testSomething" classname="FizzBuzzTest" time="0.012">
    <failure message="expected: &lt;true&gt; but was: &lt;false&gt;" type="org.opentest4j.AssertionFailedError"><![CDATA[org.opentest4j.AssertionFailedError: expected: <true> but was: <false>
	at FizzBuzzTest.testSomething(FizzBuzzTest.java:9)
]]></failure>
  </testcase>
</testsuite>